0 info it worked if it ends with ok
1 verbose cli [ 'C:\\Program Files\\nodejs\\node.exe',
1 verbose cli   'C:\\Program Files\\nodejs\\node_modules\\npm\\bin\\npm-cli.js',
1 verbose cli   'install' ]
2 info using npm@3.10.3
3 info using node@v6.7.0
4 verbose stack Error: Cannot find module 'github-url-from-git'
4 verbose stack     at Function.Module._resolveFilename (module.js:455:15)
4 verbose stack     at Function.Module._load (module.js:403:25)
4 verbose stack     at Module.require (module.js:483:17)
4 verbose stack     at require (internal/module.js:20:19)
4 verbose stack     at Object.<anonymous> (C:\Program Files\nodejs\node_modules\npm\node_modules\read-package-json\node_modules\normalize-package-data\lib\fixer.js:2:22)
4 verbose stack     at Module._compile (module.js:556:32)
4 verbose stack     at Object.Module._extensions..js (module.js:565:10)
4 verbose stack     at Module.load (module.js:473:32)
4 verbose stack     at tryModuleLoad (module.js:432:12)
4 verbose stack     at Function.Module._load (module.js:424:3)
5 verbose cwd C:\Workspace\Angular2\ContentWelder
6 error Windows_NT 10.0.10586
7 error argv "C:\\Program Files\\nodejs\\node.exe" "C:\\Program Files\\nodejs\\node_modules\\npm\\bin\\npm-cli.js" "install"
8 error node v6.7.0
9 error npm  v3.10.3
10 error code MODULE_NOT_FOUND
11 error Cannot find module 'github-url-from-git'
12 error If you need help, you may report this error at:
12 error     <https://github.com/npm/npm/issues>
13 verbose exit [ 1, true ]
