0 info it worked if it ends with ok
1 verbose cli [ 'C:\\Program Files\\nodejs\\node.exe',
1 verbose cli   'C:\\Users\\emwamufiya.DNI\\AppData\\Roaming\\npm\\node_modules\\npm\\bin\\npm-cli.js',
1 verbose cli   'start' ]
2 info using npm@3.10.8
3 info using node@v4.6.0
4 verbose run-script [ 'prestart', 'start', 'poststart' ]
5 info lifecycle ContentWelder@1.0.0~prestart: ContentWelder@1.0.0
6 silly lifecycle ContentWelder@1.0.0~prestart: no script for prestart, continuing
7 info lifecycle ContentWelder@1.0.0~start: ContentWelder@1.0.0
8 verbose lifecycle ContentWelder@1.0.0~start: unsafe-perm in lifecycle true
9 verbose lifecycle ContentWelder@1.0.0~start: PATH: C:\Users\emwamufiya.DNI\AppData\Roaming\npm\node_modules\npm\bin\node-gyp-bin;C:\Workspace\Angular2\ContentWelder\node_modules\.bin;c:\program files\graphicsmagick-1.3.20-q16;C:\Program Files\ImageMagick-6.8.6-Q16;C:\Program Files (x86)\Windows Resource Kits\Tools\;C:\Python33\;C:\Program Files\ImageMagick-6.7.4-Q16;C:\Program Files\Common Files\Microsoft Shared\Windows Live;C:\Program Files (x86)\Common Files\Microsoft Shared\Windows Live;C:\Windows\system32;C:\Windows;C:\Windows\System32\Wbem;C:\Windows\System32\WindowsPowerShell\v1.0\;C:\Program Files\ThinkPad\Bluetooth Software\;C:\Program Files\ThinkPad\Bluetooth Software\syswow64;C:\Program Files\Intel\WiFi\bin\;C:\Program Files\Common Files\Intel\WirelessCommon\;C:\Program Files (x86)\Common Files\Lenovo;C:\Program Files (x86)\Common Files\Ulead Systems\MPEG;C:\Program Files (x86)\Lenovo\Access Connections\;C:\Program Files\Common Files\Lenovo;C:\Program Files (x86)\Lenovo\Client Security Solution;C:\Program Files\Lenovo\Client Security Solution;C:\Ant\bin;C:\PROGRA~2\cvsnt;C:\Program Files (x86)\QuickTime\QTSystem\;C:\postgresql-9.1-901.jdbc4.jar;C:\Program Files\Mercurial\;C:\Program Files (x86)\GnuWin32\bin;C:\Program Files\PostgreSQL\9.3\bin;C:\Program Files\7-Zip;C:\Program Files (x86)\java\jre7;C:\Program Files (x86)\Java\jdk1.7.0_71\bin;C:\Program Files\TortoiseHg\;C:\WINDOWS\system32;C:\WINDOWS;C:\WINDOWS\System32\Wbem;C:\WINDOWS\System32\WindowsPowerShell\v1.0\;C:\Program Files\Git\cmd;C:\Program Files\nodejs\;C:\Program Files (x86)\Microsoft VS Code\bin;C:\Users\emwamufiya.DNI\AppData\Roaming\npm
10 verbose lifecycle ContentWelder@1.0.0~start: CWD: C:\Workspace\Angular2\ContentWelder
11 silly lifecycle ContentWelder@1.0.0~start: Args: [ '/d /s /c', 'tsc && concurrently "tsc -w" "lite-server" ' ]
12 silly lifecycle ContentWelder@1.0.0~start: Returned: code: 3221225786  signal: null
13 info lifecycle ContentWelder@1.0.0~start: Failed to exec start script
14 verbose stack Error: ContentWelder@1.0.0 start: `tsc && concurrently "tsc -w" "lite-server" `
14 verbose stack Exit status 3221225786
14 verbose stack     at EventEmitter.<anonymous> (C:\Users\emwamufiya.DNI\AppData\Roaming\npm\node_modules\npm\lib\utils\lifecycle.js:255:16)
14 verbose stack     at emitTwo (events.js:87:13)
14 verbose stack     at EventEmitter.emit (events.js:172:7)
14 verbose stack     at ChildProcess.<anonymous> (C:\Users\emwamufiya.DNI\AppData\Roaming\npm\node_modules\npm\lib\utils\spawn.js:40:14)
14 verbose stack     at emitTwo (events.js:87:13)
14 verbose stack     at ChildProcess.emit (events.js:172:7)
14 verbose stack     at maybeClose (internal/child_process.js:829:16)
14 verbose stack     at Process.ChildProcess._handle.onexit (internal/child_process.js:211:5)
15 verbose pkgid ContentWelder@1.0.0
16 verbose cwd C:\Workspace\Angular2\ContentWelder\app
17 error Windows_NT 10.0.10586
18 error argv "C:\\Program Files\\nodejs\\node.exe" "C:\\Users\\emwamufiya.DNI\\AppData\\Roaming\\npm\\node_modules\\npm\\bin\\npm-cli.js" "start"
19 error node v4.6.0
20 error npm  v3.10.8
21 error code ELIFECYCLE
22 error ContentWelder@1.0.0 start: `tsc && concurrently "tsc -w" "lite-server" `
22 error Exit status 3221225786
23 error Failed at the ContentWelder@1.0.0 start script 'tsc && concurrently "tsc -w" "lite-server" '.
23 error Make sure you have the latest version of node.js and npm installed.
23 error If you do, this is most likely a problem with the ContentWelder package,
23 error not with npm itself.
23 error Tell the author that this fails on your system:
23 error     tsc && concurrently "tsc -w" "lite-server"
23 error You can get information on how to open an issue for this project with:
23 error     npm bugs ContentWelder
23 error Or if that isn't available, you can get their info via:
23 error     npm owner ls ContentWelder
23 error There is likely additional logging output above.
24 verbose exit [ 1, true ]
